19:25:27,009 (main) INFO  [eps.InterfazApp.InterfazEPSAndes] - Se encontró un archivo de configuración válido: Interfaz
19:25:27,009 (main) INFO  [eps.InterfazApp.InterfazEPSAndes] - Se aplica configuración indicada en el archivo de configuración
19:25:27,009 (main) INFO  [eps.InterfazApp.InterfazEPSAndes] - Se encontró un archivo de configuración válido: Tablas BD
19:25:32,362 (main) INFO  [eps.InterfazApp.InterfazEPSAndes] - Se encontró un archivo de configuración válido: Interfaz
19:25:32,362 (main) INFO  [eps.InterfazApp.InterfazEPSAndes] - Se aplica configuración indicada en el archivo de configuración
19:25:32,378 (main) INFO  [eps.InterfazApp.InterfazEPSAndes] - Se encontró un archivo de configuración válido: Tablas BD
19:27:15,019 (main) INFO  [eps.InterfazApp.InterfazEPSAndes] - Se encontró un archivo de configuración válido: Interfaz
19:27:15,019 (main) INFO  [eps.InterfazApp.InterfazEPSAndes] - Se aplica configuración indicada en el archivo de configuración
19:27:15,035 (main) INFO  [eps.InterfazApp.InterfazEPSAndes] - Se encontró un archivo de configuración válido: Tablas BD
19:27:22,737 (main) INFO  [eps.InterfazApp.InterfazEPSAndes] - Se encontró un archivo de configuración válido: Interfaz
19:27:22,737 (main) INFO  [eps.InterfazApp.InterfazEPSAndes] - Se aplica configuración indicada en el archivo de configuración
19:27:22,753 (main) INFO  [eps.InterfazApp.InterfazEPSAndes] - Se encontró un archivo de configuración válido: Tablas BD
19:27:23,899 (main) INFO  [eps.InterfazApp.InterfazEPSAndes] - Se encontró un archivo de configuración válido: Interfaz
19:27:23,899 (main) INFO  [eps.InterfazApp.InterfazEPSAndes] - Se aplica configuración indicada en el archivo de configuración
19:27:23,899 (main) INFO  [eps.InterfazApp.InterfazEPSAndes] - Se encontró un archivo de configuración válido: Tablas BD
19:28:16,137 (main) INFO  [eps.InterfazApp.InterfazEPSAndes] - Se encontró un archivo de configuración válido: Interfaz
19:28:16,137 (main) INFO  [eps.InterfazApp.InterfazEPSAndes] - Se aplica configuración indicada en el archivo de configuración
19:28:16,153 (main) INFO  [eps.InterfazApp.InterfazEPSAndes] - Se encontró un archivo de configuración válido: Tablas BD
19:28:51,246 (main) INFO  [eps.InterfazApp.InterfazEPSAndes] - Se encontró un archivo de configuración válido: Interfaz
19:28:51,246 (main) INFO  [eps.InterfazApp.InterfazEPSAndes] - Se aplica configuración indicada en el archivo de configuración
19:28:51,261 (main) INFO  [eps.InterfazApp.InterfazEPSAndes] - Se encontró un archivo de configuración válido: Tablas BD
19:36:01,730 (main) INFO  [eps.InterfazApp.InterfazEPSAndes] - Se encontró un archivo de configuración válido: Interfaz
19:36:01,745 (main) INFO  [eps.InterfazApp.InterfazEPSAndes] - Se aplica configuración indicada en el archivo de configuración
19:36:01,745 (main) INFO  [eps.InterfazApp.InterfazEPSAndes] - Se encontró un archivo de configuración válido: Tablas BD
19:45:27,319 (main) INFO  [eps.InterfazApp.InterfazEPSAndes] - Se encontró un archivo de configuración válido: Interfaz
19:45:27,319 (main) INFO  [eps.InterfazApp.InterfazEPSAndes] - Se aplica configuración indicada en el archivo de configuración
19:45:27,335 (main) INFO  [eps.InterfazApp.InterfazEPSAndes] - Se encontró un archivo de configuración válido: Tablas BD
19:48:45,531 (main) INFO  [eps.InterfazApp.InterfazEPSAndes] - Se encontró un archivo de configuración válido: Interfaz
19:48:45,546 (main) INFO  [eps.InterfazApp.InterfazEPSAndes] - Se aplica configuración indicada en el archivo de configuración
19:48:45,562 (main) INFO  [eps.InterfazApp.InterfazEPSAndes] - Se encontró un archivo de configuración válido: Tablas BD
20:00:09,555 (main) INFO  [eps.InterfazApp.InterfazEPSAndesAdministrador] - Se encontró un archivo de configuración válido: Interfaz
20:00:09,556 (main) INFO  [eps.InterfazApp.InterfazEPSAndesAdministrador] - Se aplica configuración indicada en el archivo de configuración
20:00:09,566 (main) INFO  [eps.InterfazApp.InterfazEPSAndesAdministrador] - Se encontró un archivo de configuración válido: Tablas BD
20:00:41,995 (main) INFO  [eps.InterfazApp.InterfazEPSAndes] - Se encontró un archivo de configuración válido: Interfaz
20:00:41,999 (main) INFO  [eps.InterfazApp.InterfazEPSAndes] - Se aplica configuración indicada en el archivo de configuración
20:00:42,009 (main) INFO  [eps.InterfazApp.InterfazEPSAndes] - Se encontró un archivo de configuración válido: Tablas BD
20:04:00,132 (main) INFO  [eps.InterfazApp.InterfazEPSAndes] - Se encontró un archivo de configuración válido: Interfaz
20:04:00,134 (main) INFO  [eps.InterfazApp.InterfazEPSAndes] - Se aplica configuración indicada en el archivo de configuración
20:04:00,146 (main) INFO  [eps.InterfazApp.InterfazEPSAndes] - Se encontró un archivo de configuración válido: Tablas BD
